build/outputs/logs/manifest-merger-debug-report.txt
-- Merging decision tree log ---
manifest
ADDED from Che_Liang\Project Tracker\AndroidManifest.xml:1:1-43:12
INJECTED from Che_Liang\Project Tracker\AndroidManifest.xml:1:1-43:12
INJECTED from Che_Liang\Project Tracker\AndroidManifest.xml:1:1-43:12
MERGED from [com.amazonaws:aws-android-sdk-mobile-client:2.12.7] AndroidManifest.xml:2:1-9:12
MERGED from [com.android.support.test.espresso:espresso-core:3.0.2] AndroidManifest.xml:17:1-24:12
MERGED from [com.android.support.test:rules:1.0.2] AndroidManifest.xml:17:1-24:12
MERGED from [com.android.support:support-v4:28.0.0] AndroidManifest.xml:17:1-22:12
MERGED from [com.android.support:support-media-compat:28.0.0] AndroidManifest.xml:17:1-22:12
MERGED from [com.android.support:support-fragment:28.0.0] AndroidManifest.xml:17:1-22:12
MERGED from [com.android.support:support-core-ui:28.0.0] AndroidManifest.xml:17:1-22:12
MERGED from [com.android.support:support-core-utils:28.0.0] AndroidManifest.xml:17:1-22:12
MERGED from [com.android.support:loader:28.0.0] AndroidManifest.xml:17:1-22:12
MERGED from [com.android.support:viewpager:28.0.0] AndroidManifest.xml:17:1-22:12
MERGED from [com.android.support:coordinatorlayout:28.0.0] AndroidManifest.xml:17:1-22:12
MERGED from [com.android.support:drawerlayout:28.0.0] AndroidManifest.xml:17:1-22:12
MERGED from [com.android.support:slidingpanelayout:28.0.0] AndroidManifest.xml:17:1-22:12
MERGED from [com.android.support:customview:28.0.0] AndroidManifest.xml:17:1-22:12
MERGED from [com.android.support:swiperefreshlayout:28.0.0] AndroidManifest.xml:17:1-22:12
MERGED from [com.android.support:asynclayoutinflater:28.0.0] AndroidManifest.xml:17:1-22:12
MERGED from [com.android.support:support-compat:28.0.0] AndroidManifest.xml:17:1-24:12
MERGED from [com.android.support.test.uiautomator:uiautomator-v18:2.0.0] AndroidManifest.xml:17:1-24:12
MERGED from [com.amazonaws:aws-android-sdk-auth-core:2.12.7] AndroidManifest.xml:2:1-4:80
MERGED from [com.android.support.test:runner:1.0.2] AndroidManifest.xml:17:1-24:12
MERGED from [com.android.support:versionedparcelable:28.0.0] AndroidManifest.xml:17:1-25:12
MERGED from [android.arch.lifecycle:runtime:1.1.1] AndroidManifest.xml:17:1-22:12
MERGED from [com.android.support.test:monitor:1.0.2] AndroidManifest.xml:17:1-24:12
MERGED from [android.arch.lifecycle:livedata:1.1.1] AndroidManifest.xml:17:1-22:12
MERGED from [android.arch.lifecycle:livedata-core:1.1.1] AndroidManifest.xml:17:1-22:12
MERGED from [android.arch.core:runtime:1.1.1] AndroidManifest.xml:17:1-22:12
MERGED from [com.android.support:documentfile:28.0.0] AndroidManifest.xml:17:1-22:12
MERGED from [com.android.support:localbroadcastmanager:28.0.0] AndroidManifest.xml:17:1-22:12
MERGED from [com.android.support:print:28.0.0] AndroidManifest.xml:17:1-22:12
MERGED from [com.android.support:interpolator:28.0.0] AndroidManifest.xml:17:1-22:12
MERGED from [com.android.support:cursoradapter:28.0.0] AndroidManifest.xml:17:1-22:12
MERGED from [android.arch.lifecycle:viewmodel:1.1.1] AndroidManifest.xml:17:1-22:12
MERGED from [com.android.support.test.espresso:espresso-idling-resource:3.0.2] AndroidManifest.xml:17:1-24:12
INJECTED from Che_Liang\Project Tracker\AndroidManifest.xml:1:1-43:12
INJECTED from Che_Liang\Project Tracker\AndroidManifest.xml:1:1-43:12
	package
		ADDED from Che_Liang\Project Tracker\AndroidManifest.xml:3:5-51
	android:versionName
		ADDED from Che_Liang\Project Tracker\AndroidManifest.xml:5:5-30
		INJECTED from Che_Liang\Project Tracker\AndroidManifest.xml
		INJECTED from Che_Liang\Project Tracker\AndroidManifest.xml
	xmlns:tools
		ADDED from Che_Liang\Project Tracker\AndroidManifest.xml:2:5-51
	xmlns:android
		ADDED from Che_Liang\Project Tracker\AndroidManifest.xml:1:11-69
	android:versionCode
		ADDED from Che_Liang\Project Tracker\AndroidManifest.xml:4:5-28
		INJECTED from Che_Liang\Project Tracker\AndroidManifest.xml
		INJECTED from Che_Liang\Project Tracker\AndroidManifest.xml
uses-permission#android.permission.INTERNET
ADDED from Che_Liang\Project Tracker\AndroidManifest.xml:7:5-67
MERGED from [com.amazonaws:aws-android-sdk-mobile-client:2.12.7] AndroidManifest.xml:6:5-66
MERGED from [com.amazonaws:aws-android-sdk-mobile-client:2.12.7] AndroidManifest.xml:6:5-66
	android:name
		ADDED from Che_Liang\Project Tracker\AndroidManifest.xml:7:22-64
uses-permission#android.permission.ACCESS_NETWORK_STATE
ADDED from Che_Liang\Project Tracker\AndroidManifest.xml:8:5-79
MERGED from [com.amazonaws:aws-android-sdk-mobile-client:2.12.7] AndroidManifest.xml:7:5-78
MERGED from [com.amazonaws:aws-android-sdk-mobile-client:2.12.7] AndroidManifest.xml:7:5-78
	android:name
		ADDED from Che_Liang\Project Tracker\AndroidManifest.xml:8:22-76
uses-permission#android.permission.READ_EXTERNAL_STORAGE
ADDED from Che_Liang\Project Tracker\AndroidManifest.xml:11:5-80
	android:name
		ADDED from Che_Liang\Project Tracker\AndroidManifest.xml:11:22-77
uses-permission#android.permission.WRITE_EXTERNAL_STORAGE
ADDED from Che_Liang\Project Tracker\AndroidManifest.xml:12:5-81
	android:name
		ADDED from Che_Liang\Project Tracker\AndroidManifest.xml:12:22-78
application
ADDED from Che_Liang\Project Tracker\AndroidManifest.xml:14:5-41:19
MERGED from [com.android.support:support-compat:28.0.0] AndroidManifest.xml:22:5-94
MERGED from [com.android.support:support-compat:28.0.0] AndroidManifest.xml:22:5-94
MERGED from [com.android.support.test.uiautomator:uiautomator-v18:2.0.0] AndroidManifest.xml:22:5-20
MERGED from [com.android.support.test.uiautomator:uiautomator-v18:2.0.0] AndroidManifest.xml:22:5-20
MERGED from [com.android.support:versionedparcelable:28.0.0] AndroidManifest.xml:22:5-23:19
MERGED from [com.android.support:versionedparcelable:28.0.0] AndroidManifest.xml:22:5-23:19
	android:appComponentFactory
		ADDED from [com.android.support:support-compat:28.0.0] AndroidManifest.xml:22:18-91
	android:label
		ADDED from Che_Liang\Project Tracker\AndroidManifest.xml:17:9-40
	android:exported
		ADDED from Che_Liang\Project Tracker\AndroidManifest.xml:19:9-32
	tools:ignore
		ADDED from Che_Liang\Project Tracker\AndroidManifest.xml:18:9-48
	android:allowBackup
		ADDED from Che_Liang\Project Tracker\AndroidManifest.xml:16:9-35
activity#com.amazonaws.demo.s3transferutility.MainActivity
ADDED from Che_Liang\Project Tracker\AndroidManifest.xml:20:9-27:20
	android:windowSoftInputMode
		ADDED from Che_Liang\Project Tracker\AndroidManifest.xml:21:13-64
	android:name
		ADDED from Che_Liang\Project Tracker\AndroidManifest.xml:20:19-83
intent-filter#action:name:android.intent.action.MAIN+category:name:android.intent.category.LAUNCHER
ADDED from Che_Liang\Project Tracker\AndroidManifest.xml:22:13-26:29
action#android.intent.action.MAIN
ADDED from Che_Liang\Project Tracker\AndroidManifest.xml:23:17-69
	android:name
		ADDED from Che_Liang\Project Tracker\AndroidManifest.xml:23:25-66
category#android.intent.category.LAUNCHER
ADDED from Che_Liang\Project Tracker\AndroidManifest.xml:25:17-77
	android:name
		ADDED from Che_Liang\Project Tracker\AndroidManifest.xml:25:27-74
activity#com.amazonaws.demo.s3transferutility.SelectActivity
ADDED from Che_Liang\Project Tracker\AndroidManifest.xml:28:9-30:39
	android:label
		ADDED from Che_Liang\Project Tracker\AndroidManifest.xml:30:13-36
	android:name
		ADDED from Che_Liang\Project Tracker\AndroidManifest.xml:29:13-79
activity#com.amazonaws.demo.s3transferutility.addcontent
ADDED from Che_Liang\Project Tracker\AndroidManifest.xml:31:9-33:43
	android:label
		ADDED from Che_Liang\Project Tracker\AndroidManifest.xml:33:13-40
	android:name
		ADDED from Che_Liang\Project Tracker\AndroidManifest.xml:32:13-39
service#com.amazonaws.mobileconnectors.s3.transferutility.TransferService
ADDED from Che_Liang\Project Tracker\AndroidManifest.xml:34:9-36:38
	android:enabled
		ADDED from Che_Liang\Project Tracker\AndroidManifest.xml:36:13-35
	android:name
		ADDED from Che_Liang\Project Tracker\AndroidManifest.xml:35:13-93
service#com.amazonaws.demo.s3transferutility.MusicService
ADDED from Che_Liang\Project Tracker\AndroidManifest.xml:37:9-40:47
	android:enabled
		ADDED from Che_Liang\Project Tracker\AndroidManifest.xml:39:13-35
	android:exported
		ADDED from Che_Liang\Project Tracker\AndroidManifest.xml:40:13-36
	android:name
		ADDED from Che_Liang\Project Tracker\AndroidManifest.xml:38:13-41
uses-sdk
INJECTED from Che_Liang\Project Tracker\AndroidManifest.xml reason: use-sdk injection requested
INJECTED from Che_Liang\Project Tracker\AndroidManifest.xml
INJECTED from Che_Liang\Project Tracker\AndroidManifest.xml
MERGED from [com.amazonaws:aws-android-sdk-mobile-client:2.12.7] AndroidManifest.xml:4:5-73
MERGED from [com.amazonaws:aws-android-sdk-mobile-client:2.12.7] AndroidManifest.xml:4:5-73
MERGED from [com.android.support.test.espresso:espresso-core:3.0.2] AndroidManifest.xml:20:5-22:41
MERGED from [com.android.support.test.espresso:espresso-core:3.0.2] AndroidManifest.xml:20:5-22:41
MERGED from [com.android.support.test:rules:1.0.2] AndroidManifest.xml:20:5-22:41
MERGED from [com.android.support.test:rules:1.0.2] AndroidManifest.xml:20:5-22:41
MERGED from [com.android.support:support-v4:28.0.0] AndroidManifest.xml:20:5-44
MERGED from [com.android.support:support-v4:28.0.0] AndroidManifest.xml:20:5-44
MERGED from [com.android.support:support-media-compat:28.0.0] AndroidManifest.xml:20:5-44
MERGED from [com.android.support:support-media-compat:28.0.0] AndroidManifest.xml:20:5-44
MERGED from [com.android.support:support-fragment:28.0.0] AndroidManifest.xml:20:5-44
MERGED from [com.android.support:support-fragment:28.0.0] AndroidManifest.xml:20:5-44
MERGED from [com.android.support:support-core-ui:28.0.0] AndroidManifest.xml:20:5-44
MERGED from [com.android.support:support-core-ui:28.0.0] AndroidManifest.xml:20:5-44
MERGED from [com.android.support:support-core-utils:28.0.0] AndroidManifest.xml:20:5-44
MERGED from [com.android.support:support-core-utils:28.0.0] AndroidManifest.xml:20:5-44
MERGED from [com.android.support:loader:28.0.0] AndroidManifest.xml:20:5-44
MERGED from [com.android.support:loader:28.0.0] AndroidManifest.xml:20:5-44
MERGED from [com.android.support:viewpager:28.0.0] AndroidManifest.xml:20:5-44
MERGED from [com.android.support:viewpager:28.0.0] AndroidManifest.xml:20:5-44
MERGED from [com.android.support:coordinatorlayout:28.0.0] AndroidManifest.xml:20:5-44
MERGED from [com.android.support:coordinatorlayout:28.0.0] AndroidManifest.xml:20:5-44
MERGED from [com.android.support:drawerlayout:28.0.0] AndroidManifest.xml:20:5-44
MERGED from [com.android.support:drawerlayout:28.0.0] AndroidManifest.xml:20:5-44
MERGED from [com.android.support:slidingpanelayout:28.0.0] AndroidManifest.xml:20:5-44
MERGED from [com.android.support:slidingpanelayout:28.0.0] AndroidManifest.xml:20:5-44
MERGED from [com.android.support:customview:28.0.0] AndroidManifest.xml:20:5-44
MERGED from [com.android.support:customview:28.0.0] AndroidManifest.xml:20:5-44
MERGED from [com.android.support:swiperefreshlayout:28.0.0] AndroidManifest.xml:20:5-44
MERGED from [com.android.support:swiperefreshlayout:28.0.0] AndroidManifest.xml:20:5-44
MERGED from [com.android.support:asynclayoutinflater:28.0.0] AndroidManifest.xml:20:5-44
MERGED from [com.android.support:asynclayoutinflater:28.0.0] AndroidManifest.xml:20:5-44
MERGED from [com.android.support:support-compat:28.0.0] AndroidManifest.xml:20:5-44
MERGED from [com.android.support:support-compat:28.0.0] AndroidManifest.xml:20:5-44
MERGED from [com.android.support.test.uiautomator:uiautomator-v18:2.0.0] AndroidManifest.xml:20:5-44
MERGED from [com.android.support.test.uiautomator:uiautomator-v18:2.0.0] AndroidManifest.xml:20:5-44
MERGED from [com.amazonaws:aws-android-sdk-auth-core:2.12.7] AndroidManifest.xml:4:1-69
MERGED from [com.amazonaws:aws-android-sdk-auth-core:2.12.7] AndroidManifest.xml:4:1-69
MERGED from [com.android.support.test:runner:1.0.2] AndroidManifest.xml:20:5-22:41
MERGED from [com.android.support.test:runner:1.0.2] AndroidManifest.xml:20:5-22:41
MERGED from [com.android.support:versionedparcelable:28.0.0] AndroidManifest.xml:20:5-44
MERGED from [com.android.support:versionedparcelable:28.0.0] AndroidManifest.xml:20:5-44
MERGED from [android.arch.lifecycle:runtime:1.1.1] AndroidManifest.xml:20:5-44
MERGED from [android.arch.lifecycle:runtime:1.1.1] AndroidManifest.xml:20:5-44
MERGED from [com.android.support.test:monitor:1.0.2] AndroidManifest.xml:20:5-22:41
MERGED from [com.android.support.test:monitor:1.0.2] AndroidManifest.xml:20:5-22:41
MERGED from [android.arch.lifecycle:livedata:1.1.1] AndroidManifest.xml:20:5-44
MERGED from [android.arch.lifecycle:livedata:1.1.1] AndroidManifest.xml:20:5-44
MERGED from [android.arch.lifecycle:livedata-core:1.1.1] AndroidManifest.xml:20:5-44
MERGED from [android.arch.lifecycle:livedata-core:1.1.1] AndroidManifest.xml:20:5-44
MERGED from [android.arch.core:runtime:1.1.1] AndroidManifest.xml:20:5-44
MERGED from [android.arch.core:runtime:1.1.1] AndroidManifest.xml:20:5-44
MERGED from [com.android.support:documentfile:28.0.0] AndroidManifest.xml:20:5-44
MERGED from [com.android.support:documentfile:28.0.0] AndroidManifest.xml:20:5-44
MERGED from [com.android.support:localbroadcastmanager:28.0.0] AndroidManifest.xml:20:5-44
MERGED from [com.android.support:localbroadcastmanager:28.0.0] AndroidManifest.xml:20:5-44
MERGED from [com.android.support:print:28.0.0] AndroidManifest.xml:20:5-44
MERGED from [com.android.support:print:28.0.0] AndroidManifest.xml:20:5-44
MERGED from [com.android.support:interpolator:28.0.0] AndroidManifest.xml:20:5-44
MERGED from [com.android.support:interpolator:28.0.0] AndroidManifest.xml:20:5-44
MERGED from [com.android.support:cursoradapter:28.0.0] AndroidManifest.xml:20:5-44
MERGED from [com.android.support:cursoradapter:28.0.0] AndroidManifest.xml:20:5-44
MERGED from [android.arch.lifecycle:viewmodel:1.1.1] AndroidManifest.xml:20:5-44
MERGED from [android.arch.lifecycle:viewmodel:1.1.1] AndroidManifest.xml:20:5-44
MERGED from [com.android.support.test.espresso:espresso-idling-resource:3.0.2] AndroidManifest.xml:20:5-22:41
MERGED from [com.android.support.test.espresso:espresso-idling-resource:3.0.2] AndroidManifest.xml:20:5-22:41
INJECTED from Che_Liang\Project Tracker\AndroidManifest.xml
INJECTED from Che_Liang\Project Tracker\AndroidManifest.xml
	android:targetSdkVersion
		INJECTED from Che_Liang\Project Tracker\AndroidManifest.xml
		ADDED from Che_Liang\Project Tracker\AndroidManifest.xml
		INJECTED from Che_Liang\Project Tracker\AndroidManifest.xml
	android:minSdkVersion
		INJECTED from Che_Liang\Project Tracker\AndroidManifest.xml
		ADDED from Che_Liang\Project Tracker\AndroidManifest.xml
		INJECTED from Che_Liang\Project Tracker\AndroidManifest.xml